<?xml version="1.0" encoding="UTF-8"?>
<coverage generated="1717349310514" clover="3.2.0">
  <project timestamp="1717349310515" name="All files">
    <metrics statements="18" coveredstatements="18" conditionals="2" coveredconditionals="2" methods="8" coveredmethods="8" elements="28" coveredelements="28" complexity="0" loc="18" ncloc="18" packages="2" files="5" classes="5"/>
    <package name="functions">
      <metrics statements="16" coveredstatements="16" conditionals="2" coveredconditionals="2" methods="8" coveredmethods="8"/>
      <file name="findUserByEmail.js" path="C:\Users\benso\OneDrive\Área de Trabalho\gitCentral\Testes_e_Perfomance\M10 - Integration Tests\40220440_BensonTerra\functions\findUserByEmail.js">
        <metrics statements="3" coveredstatements="3" conditionals="0" coveredconditionals="0" methods="2" coveredmethods="2"/>
        <line num="1" count="1" type="stmt"/>
        <line num="4" count="12" type="stmt"/>
        <line num="7" count="1" type="stmt"/>
      </file>
      <file name="findUserNamesByNationality.js" path="C:\Users\benso\OneDrive\Área de Trabalho\gitCentral\Testes_e_Perfomance\M10 - Integration Tests\40220440_BensonTerra\functions\findUserNamesByNationality.js">
        <metrics statements="3" coveredstatements="3" conditionals="0" coveredconditionals="0" methods="3" coveredmethods="3"/>
        <line num="1" count="1" type="stmt"/>
        <line num="4" count="40" type="stmt"/>
        <line num="7" count="1" type="stmt"/>
      </file>
      <file name="findUsers.js" path="C:\Users\benso\OneDrive\Área de Trabalho\gitCentral\Testes_e_Perfomance\M10 - Integration Tests\40220440_BensonTerra\functions\findUsers.js">
        <metrics statements="7" coveredstatements="7" conditionals="2" coveredconditionals="2" methods="2" coveredmethods="2"/>
        <line num="1" count="1" type="stmt"/>
        <line num="5" count="50" type="stmt"/>
        <line num="8" count="5" type="stmt"/>
        <line num="11" count="5" type="cond" truecount="2" falsecount="0"/>
        <line num="14" count="5" type="stmt"/>
        <line num="17" count="5" type="stmt"/>
        <line num="20" count="1" type="stmt"/>
      </file>
      <file name="pi_is_float.js" path="C:\Users\benso\OneDrive\Área de Trabalho\gitCentral\Testes_e_Perfomance\M10 - Integration Tests\40220440_BensonTerra\functions\pi_is_float.js">
        <metrics statements="3" coveredstatements="3" conditionals="0" coveredconditionals="0" methods="1" coveredmethods="1"/>
        <line num="2" count="2" type="stmt"/>
        <line num="3" count="2" type="stmt"/>
        <line num="6" count="1" type="stmt"/>
      </file>
    </package>
    <package name="models">
      <metrics statements="2" coveredstatements="2" conditionals="0" coveredconditionals="0" methods="0" coveredmethods="0"/>
      <file name="user.model.js" path="C:\Users\benso\OneDrive\Área de Trabalho\gitCentral\Testes_e_Perfomance\M10 - Integration Tests\40220440_BensonTerra\models\user.model.js">
        <metrics statements="2" coveredstatements="2" conditionals="0" coveredconditionals="0" methods="0" coveredmethods="0"/>
        <line num="1" count="1" type="stmt"/>
        <line num="15" count="1" type="stmt"/>
      </file>
    </package>
  </project>
</coverage>
