{"C:\\Users\\benso\\OneDrive\\Área de Trabalho\\gitCentral\\Testes_e_Perfomance\\M10 - Integration Tests\\40220440_BensonTerra\\functions\\findUserByEmail.js": {"path":"C:\\Users\\benso\\OneDrive\\Área de Trabalho\\gitCentral\\Testes_e_Perfomance\\M10 - Integration Tests\\40220440_BensonTerra\\functions\\findUserByEmail.js","statementMap":{"0":{"start":{"line":1,"column":12},"end":{"line":1,"column":43}},"1":{"start":{"line":4,"column":4},"end":{"line":4,"column":52}},"2":{"start":{"line":4,"column":30},"end":{"line":4,"column":50}},"3":{"start":{"line":7,"column":0},"end":{"line":7,"column":33}}},"fnMap":{"0":{"name":"findUserByEmail","decl":{"start":{"line":3,"column":9},"end":{"line":3,"column":24}},"loc":{"start":{"line":3,"column":32},"end":{"line":5,"column":1}},"line":3},"1":{"name":"(anonymous_1)","decl":{"start":{"line":4,"column":22},"end":{"line":4,"column":23}},"loc":{"start":{"line":4,"column":30},"end":{"line":4,"column":50}},"line":4}},"branchMap":{},"s":{"0":1,"1":2,"2":12,"3":1},"f":{"0":2,"1":12},"b":{},"_coverageSchema":"1a1c01bbd47fc00a2c39e90264f33305004495a9","hash":"65fcc9d9636fcb682bf40a4155544eae4c0f4bc7"}
,"C:\\Users\\benso\\OneDrive\\Área de Trabalho\\gitCentral\\Testes_e_Perfomance\\M10 - Integration Tests\\40220440_BensonTerra\\functions\\findUserNamesByNationality.js": {"path":"C:\\Users\\benso\\OneDrive\\Área de Trabalho\\gitCentral\\Testes_e_Perfomance\\M10 - Integration Tests\\40220440_BensonTerra\\functions\\findUserNamesByNationality.js","statementMap":{"0":{"start":{"line":1,"column":12},"end":{"line":1,"column":43}},"1":{"start":{"line":4,"column":4},"end":{"line":4,"column":89}},"2":{"start":{"line":4,"column":32},"end":{"line":4,"column":64}},"3":{"start":{"line":4,"column":78},"end":{"line":4,"column":87}},"4":{"start":{"line":7,"column":0},"end":{"line":7,"column":44}}},"fnMap":{"0":{"name":"findUserNamesByNationality","decl":{"start":{"line":3,"column":9},"end":{"line":3,"column":35}},"loc":{"start":{"line":3,"column":49},"end":{"line":5,"column":1}},"line":3},"1":{"name":"(anonymous_1)","decl":{"start":{"line":4,"column":24},"end":{"line":4,"column":25}},"loc":{"start":{"line":4,"column":32},"end":{"line":4,"column":64}},"line":4},"2":{"name":"(anonymous_2)","decl":{"start":{"line":4,"column":70},"end":{"line":4,"column":71}},"loc":{"start":{"line":4,"column":78},"end":{"line":4,"column":87}},"line":4}},"branchMap":{},"s":{"0":1,"1":4,"2":40,"3":7,"4":1},"f":{"0":4,"1":40,"2":7},"b":{},"_coverageSchema":"1a1c01bbd47fc00a2c39e90264f33305004495a9","hash":"9a70661359d9515d9219fec05e7c945888178c63"}
,"C:\\Users\\benso\\OneDrive\\Área de Trabalho\\gitCentral\\Testes_e_Perfomance\\M10 - Integration Tests\\40220440_BensonTerra\\functions\\findUsers.js": {"path":"C:\\Users\\benso\\OneDrive\\Área de Trabalho\\gitCentral\\Testes_e_Perfomance\\M10 - Integration Tests\\40220440_BensonTerra\\functions\\findUsers.js","statementMap":{"0":{"start":{"line":1,"column":12},"end":{"line":1,"column":43}},"1":{"start":{"line":5,"column":33},"end":{"line":5,"column":87}},"2":{"start":{"line":5,"column":54},"end":{"line":5,"column":86}},"3":{"start":{"line":8,"column":21},"end":{"line":8,"column":48}},"4":{"start":{"line":11,"column":21},"end":{"line":11,"column":95}},"5":{"start":{"line":14,"column":4},"end":{"line":14,"column":93}},"6":{"start":{"line":17,"column":4},"end":{"line":17,"column":39}},"7":{"start":{"line":20,"column":0},"end":{"line":20,"column":38}}},"fnMap":{"0":{"name":"findNationalityUSers","decl":{"start":{"line":3,"column":9},"end":{"line":3,"column":29}},"loc":{"start":{"line":3,"column":43},"end":{"line":18,"column":1}},"line":3},"1":{"name":"(anonymous_1)","decl":{"start":{"line":5,"column":46},"end":{"line":5,"column":47}},"loc":{"start":{"line":5,"column":54},"end":{"line":5,"column":86}},"line":5}},"branchMap":{"0":{"loc":{"start":{"line":11,"column":21},"end":{"line":11,"column":95}},"type":"cond-expr","locations":[{"start":{"line":11,"column":38},"end":{"line":11,"column":65}},{"start":{"line":11,"column":68},"end":{"line":11,"column":95}}],"line":11}},"s":{"0":1,"1":5,"2":50,"3":5,"4":5,"5":5,"6":5,"7":1},"f":{"0":5,"1":50},"b":{"0":[1,4]},"_coverageSchema":"1a1c01bbd47fc00a2c39e90264f33305004495a9","hash":"f108fc111384b8696c85c263b4f5e5d739cbc164"}
,"C:\\Users\\benso\\OneDrive\\Área de Trabalho\\gitCentral\\Testes_e_Perfomance\\M10 - Integration Tests\\40220440_BensonTerra\\functions\\pi_is_float.js": {"path":"C:\\Users\\benso\\OneDrive\\Área de Trabalho\\gitCentral\\Testes_e_Perfomance\\M10 - Integration Tests\\40220440_BensonTerra\\functions\\pi_is_float.js","statementMap":{"0":{"start":{"line":2,"column":4},"end":{"line":2,"column":30}},"1":{"start":{"line":3,"column":4},"end":{"line":3,"column":18}},"2":{"start":{"line":6,"column":0},"end":{"line":6,"column":29}}},"fnMap":{"0":{"name":"pi_is_float","decl":{"start":{"line":1,"column":9},"end":{"line":1,"column":20}},"loc":{"start":{"line":1,"column":23},"end":{"line":4,"column":1}},"line":1}},"branchMap":{},"s":{"0":2,"1":2,"2":1},"f":{"0":2},"b":{},"_coverageSchema":"1a1c01bbd47fc00a2c39e90264f33305004495a9","hash":"95d106055d28bf74416054a6cfcf4865f4175401"}
,"C:\\Users\\benso\\OneDrive\\Área de Trabalho\\gitCentral\\Testes_e_Perfomance\\M10 - Integration Tests\\40220440_BensonTerra\\models\\user.model.js": {"path":"C:\\Users\\benso\\OneDrive\\Área de Trabalho\\gitCentral\\Testes_e_Perfomance\\M10 - Integration Tests\\40220440_BensonTerra\\models\\user.model.js","statementMap":{"0":{"start":{"line":1,"column":14},"end":{"line":12,"column":1}},"1":{"start":{"line":15,"column":0},"end":{"line":15,"column":23}}},"fnMap":{},"branchMap":{},"s":{"0":1,"1":1},"f":{},"b":{},"_coverageSchema":"1a1c01bbd47fc00a2c39e90264f33305004495a9","hash":"620b245938212c9fab538051343c6eaaf928c984"}
}
