TN:
SF:functions\findUserByEmail.js
FN:3,findUserByEmail
FN:4,(anonymous_1)
FNF:2
FNH:2
FNDA:2,findUserByEmail
FNDA:12,(anonymous_1)
DA:1,1
DA:4,12
DA:7,1
LF:3
LH:3
BRF:0
BRH:0
end_of_record
TN:
SF:functions\findUserNamesByNationality.js
FN:3,findUserNamesByNationality
FN:4,(anonymous_1)
FN:4,(anonymous_2)
FNF:3
FNH:3
FNDA:4,findUserNamesByNationality
FNDA:40,(anonymous_1)
FNDA:7,(anonymous_2)
DA:1,1
DA:4,40
DA:7,1
LF:3
LH:3
BRF:0
BRH:0
end_of_record
TN:
SF:functions\findUsers.js
FN:3,findNationalityUSers
FN:5,(anonymous_1)
FNF:2
FNH:2
FNDA:5,findNationalityUSers
FNDA:50,(anonymous_1)
DA:1,1
DA:5,50
DA:8,5
DA:11,5
DA:14,5
DA:17,5
DA:20,1
LF:7
LH:7
BRDA:11,0,0,1
BRDA:11,0,1,4
BRF:2
BRH:2
end_of_record
TN:
SF:functions\pi_is_float.js
FN:1,pi_is_float
FNF:1
FNH:1
FNDA:2,pi_is_float
DA:2,2
DA:3,2
DA:6,1
LF:3
LH:3
BRF:0
BRH:0
end_of_record
TN:
SF:models\user.model.js
FNF:0
FNH:0
DA:1,1
DA:15,1
LF:2
LH:2
BRF:0
BRH:0
end_of_record
