{"C:\\Users\\benso\\Desktop\\gitCentral\\Testes_e_Perfomance\\M10 - Integration Tests\\Example\\API-Calls\\api-calls.js": {"path":"C:\\Users\\benso\\Desktop\\gitCentral\\Testes_e_Perfomance\\M10 - Integration Tests\\Example\\API-Calls\\api-calls.js","statementMap":{"0":{"start":{"line":1,"column":14},"end":{"line":1,"column":30}},"1":{"start":{"line":3,"column":0},"end":{"line":10,"column":1}},"2":{"start":{"line":4,"column":4},"end":{"line":9,"column":5}},"3":{"start":{"line":5,"column":25},"end":{"line":5,"column":92}},"4":{"start":{"line":6,"column":8},"end":{"line":6,"column":23}},"5":{"start":{"line":8,"column":8},"end":{"line":8,"column":29}},"6":{"start":{"line":12,"column":0},"end":{"line":19,"column":1}},"7":{"start":{"line":13,"column":4},"end":{"line":18,"column":5}},"8":{"start":{"line":14,"column":25},"end":{"line":14,"column":94}},"9":{"start":{"line":15,"column":8},"end":{"line":15,"column":23}},"10":{"start":{"line":17,"column":8},"end":{"line":17,"column":29}}},"fnMap":{"0":{"name":"(anonymous_0)","decl":{"start":{"line":3,"column":21},"end":{"line":3,"column":22}},"loc":{"start":{"line":3,"column":40},"end":{"line":10,"column":1}},"line":3},"1":{"name":"(anonymous_1)","decl":{"start":{"line":12,"column":22},"end":{"line":12,"column":23}},"loc":{"start":{"line":12,"column":43},"end":{"line":19,"column":1}},"line":12}},"branchMap":{},"s":{"0":1,"1":1,"2":4,"3":4,"4":3,"5":1,"6":1,"7":3,"8":3,"9":3,"10":0},"f":{"0":4,"1":3},"b":{},"_coverageSchema":"1a1c01bbd47fc00a2c39e90264f33305004495a9","hash":"6b46a118f200db64dd9adf8091393deb3aac5b14"}
,"C:\\Users\\benso\\Desktop\\gitCentral\\Testes_e_Perfomance\\M10 - Integration Tests\\Example\\Database-Calls\\database-calls.js": {"path":"C:\\Users\\benso\\Desktop\\gitCentral\\Testes_e_Perfomance\\M10 - Integration Tests\\Example\\Database-Calls\\database-calls.js","statementMap":{"0":{"start":{"line":1,"column":0},"end":{"line":1,"column":26}},"1":{"start":{"line":2,"column":18},"end":{"line":2,"column":38}},"2":{"start":{"line":4,"column":18},"end":{"line":7,"column":2}},"3":{"start":{"line":9,"column":0},"end":{"line":16,"column":1}},"4":{"start":{"line":10,"column":4},"end":{"line":15,"column":5}},"5":{"start":{"line":11,"column":25},"end":{"line":11,"column":123}},"6":{"start":{"line":12,"column":8},"end":{"line":12,"column":26}},"7":{"start":{"line":14,"column":8},"end":{"line":14,"column":29}},"8":{"start":{"line":18,"column":0},"end":{"line":25,"column":1}},"9":{"start":{"line":19,"column":4},"end":{"line":24,"column":5}},"10":{"start":{"line":20,"column":25},"end":{"line":20,"column":93}},"11":{"start":{"line":21,"column":8},"end":{"line":21,"column":26}},"12":{"start":{"line":23,"column":8},"end":{"line":23,"column":29}},"13":{"start":{"line":27,"column":0},"end":{"line":34,"column":1}},"14":{"start":{"line":28,"column":4},"end":{"line":33,"column":5}},"15":{"start":{"line":29,"column":25},"end":{"line":29,"column":95}},"16":{"start":{"line":30,"column":8},"end":{"line":30,"column":29}},"17":{"start":{"line":32,"column":8},"end":{"line":32,"column":29}},"18":{"start":{"line":36,"column":0},"end":{"line":38,"column":1}},"19":{"start":{"line":37,"column":4},"end":{"line":37,"column":41}}},"fnMap":{"0":{"name":"(anonymous_0)","decl":{"start":{"line":9,"column":17},"end":{"line":9,"column":18}},"loc":{"start":{"line":9,"column":38},"end":{"line":16,"column":1}},"line":9},"1":{"name":"(anonymous_1)","decl":{"start":{"line":18,"column":15},"end":{"line":18,"column":16}},"loc":{"start":{"line":18,"column":37},"end":{"line":25,"column":1}},"line":18},"2":{"name":"(anonymous_2)","decl":{"start":{"line":27,"column":15},"end":{"line":27,"column":16}},"loc":{"start":{"line":27,"column":37},"end":{"line":34,"column":1}},"line":27},"3":{"name":"(anonymous_3)","decl":{"start":{"line":36,"column":24},"end":{"line":36,"column":25}},"loc":{"start":{"line":36,"column":35},"end":{"line":38,"column":1}},"line":36}},"branchMap":{},"s":{"0":1,"1":1,"2":1,"3":1,"4":3,"5":3,"6":2,"7":1,"8":1,"9":1,"10":1,"11":1,"12":0,"13":1,"14":1,"15":1,"16":1,"17":0,"18":1,"19":1},"f":{"0":3,"1":1,"2":1,"3":1},"b":{},"_coverageSchema":"1a1c01bbd47fc00a2c39e90264f33305004495a9","hash":"202e8f4041583c78558d15a40d4d48cf7d8fd4eb"}
}
