TN:
SF:API-Calls\api-calls.js
FN:3,(anonymous_0)
FN:12,(anonymous_1)
FNF:2
FNH:2
FNDA:4,(anonymous_0)
FNDA:3,(anonymous_1)
DA:1,1
DA:3,1
DA:4,4
DA:5,4
DA:6,3
DA:8,1
DA:12,1
DA:13,3
DA:14,3
DA:15,3
DA:17,0
LF:11
LH:10
BRF:0
BRH:0
end_of_record
TN:
SF:Database-Calls\database-calls.js
FN:9,(anonymous_0)
FN:18,(anonymous_1)
FN:27,(anonymous_2)
FN:36,(anonymous_3)
FNF:4
FNH:4
FNDA:3,(anonymous_0)
FNDA:1,(anonymous_1)
FNDA:1,(anonymous_2)
FNDA:1,(anonymous_3)
DA:1,1
DA:2,1
DA:4,1
DA:9,1
DA:10,3
DA:11,3
DA:12,2
DA:14,1
DA:18,1
DA:19,1
DA:20,1
DA:21,1
DA:23,0
DA:27,1
DA:28,1
DA:29,1
DA:30,1
DA:32,0
DA:36,1
DA:37,1
LF:20
LH:18
BRF:0
BRH:0
end_of_record
